<?xml version="1.0" encoding="UTF-8"?>
<!-- Generated by org.testng.reporters.JUnitXMLReporter -->
<testsuite hostname="EPBYBREW0280" ignored="0" tests="23" failures="2" timestamp="27 Jan 2017 12:11:29 GMT" time="166.351" errors="0">
  <testcase name="AlbumTest on [MainIndependent passed=0 failed=0 skipped=0]" time="30.546" classname="MainIndependent"/>
  <testcase name="AuthorsLinkTest on [MainIndependent passed=0 failed=0 skipped=0]" time="6.553" classname="MainIndependent"/>
  <testcase name="DetailsAuthorTest on [MainIndependent passed=0 failed=0 skipped=0]" time="4.306" classname="MainIndependent"/>
  <testcase name="DetailsCameraTest on [MainIndependent passed=0 failed=0 skipped=0]" time="14.231" classname="MainIndependent">
    <failure type="java.lang.AssertionError" message="expected [true] but found [false]">
      <![CDATA[java.lang.AssertionError: expected [true] but found [false]
	at MainIndependent.DetailsCameraTest(MainIndependent.java:158)
	at java.util.concurrent.FutureTask.run(FutureTask.java:266)
	at java.util.concurrent.ThreadPoolExecutor.runWorker(ThreadPoolExecutor.java:1142)
	at java.util.concurrent.ThreadPoolExecutor$Worker.run(ThreadPoolExecutor.java:617)
	at java.lang.Thread.run(Thread.java:745)
... Removed 20 stack frames]]>
    </failure>
  </testcase> <!-- DetailsCameraTest on [MainIndependent passed=0 failed=0 skipped=0] -->
  <testcase name="DetailsDateTest on [MainIndependent passed=0 failed=0 skipped=0]" time="4.007" classname="MainIndependent"/>
  <testcase name="DetailsFollowTest on [MainIndependent passed=0 failed=0 skipped=0]" time="4.275" classname="MainIndependent"/>
  <testcase name="DetailsNumbersTest on [MainIndependent passed=0 failed=0 skipped=0]" time="4.763" classname="MainIndependent"/>
  <testcase name="DetailsRightsTest on [MainIndependent passed=0 failed=0 skipped=0]" time="3.981" classname="MainIndependent"/>
  <testcase name="DetailsTagsTest on [MainIndependent passed=0 failed=0 skipped=0]" time="4.007" classname="MainIndependent"/>
  <testcase name="DetailsTitleTest on [MainIndependent passed=0 failed=0 skipped=0]" time="3.754" classname="MainIndependent"/>
  <testcase name="ExploreLinkAndPhotoTest on [MainIndependent passed=0 failed=0 skipped=0]" time="15.902" classname="MainIndependent">
    <failure type="java.lang.AssertionError" message="Not each photo passes test expected [49] but found [16]">
      <![CDATA[java.lang.AssertionError: Not each photo passes test expected [49] but found [16]
	at MainIndependent.ExploreLinkAndPhotoTest(MainIndependent.java:69)
	at java.util.concurrent.FutureTask.run(FutureTask.java:266)
	at java.util.concurrent.ThreadPoolExecutor.runWorker(ThreadPoolExecutor.java:1142)
	at java.util.concurrent.ThreadPoolExecutor$Worker.run(ThreadPoolExecutor.java:617)
	at java.lang.Thread.run(Thread.java:745)
... Removed 21 stack frames]]>
    </failure>
  </testcase> <!-- ExploreLinkAndPhotoTest on [MainIndependent passed=0 failed=0 skipped=0] -->
  <testcase name="GalleriesTestItems on [MainIndependent passed=0 failed=0 skipped=0]" time="2.824" classname="MainIndependent"/>
  <testcase name="GalleriesTestURL on [MainIndependent passed=0 failed=0 skipped=0]" time="3.109" classname="MainIndependent"/>
  <testcase name="GroupsTestRecommendedGroups on [MainIndependent passed=0 failed=0 skipped=0]" time="3.596" classname="MainIndependent"/>
  <testcase name="GroupsTestURL on [MainIndependent passed=0 failed=0 skipped=0]" time="6.159" classname="MainIndependent"/>
  <testcase name="MainMenuItemsContTest on [MainIndependent passed=0 failed=0 skipped=0]" time="6.287" classname="MainIndependent"/>
  <testcase name="MainMenuItemsTest on [MainIndependent passed=0 failed=0 skipped=0]" time="4.17" classname="MainIndependent"/>
  <testcase name="MainPageTitleTest on [MainIndependent passed=0 failed=0 skipped=0]" time="2.808" classname="MainIndependent"/>
  <testcase name="NavigateToDetailsTest on [MainIndependent passed=0 failed=0 skipped=0]" time="5.405" classname="MainIndependent"/>
  <testcase name="SearchTestPhoto on [MainIndependent passed=0 failed=0 skipped=0]" time="7.548" classname="MainIndependent"/>
  <testcase name="SearchTestUrl on [MainIndependent passed=0 failed=0 skipped=0]" time="3.054" classname="MainIndependent"/>
  <testcase name="SubMenuItemsTest on [MainIndependent passed=0 failed=0 skipped=0]" time="4.306" classname="MainIndependent"/>
  <testcase name="YouLinkAndNameTest on [MainIndependent passed=0 failed=0 skipped=0]" time="3.87" classname="MainIndependent"/>
</testsuite>
