<?xml version="1.0" encoding="UTF-8"?>
<!-- Generated by org.testng.reporters.JUnitXMLReporter -->
<testsuite hostname="EPBYBREW0280" ignored="0" tests="23" failures="2" timestamp="27 Jan 2017 12:11:50 GMT" time="186.785" errors="0">
  <testcase name="AlbumTest on [MainIndependent passed=0 failed=0 skipped=0]" time="29.433" classname="MainIndependent"/>
  <testcase name="AuthorsLinkTest on [MainIndependent passed=0 failed=0 skipped=0]" time="6.293" classname="MainIndependent"/>
  <testcase name="DetailsAuthorTest on [MainIndependent passed=0 failed=0 skipped=0]" time="4.47" classname="MainIndependent"/>
  <testcase name="DetailsCameraTest on [MainIndependent passed=0 failed=0 skipped=0]" time="14.258" classname="MainIndependent">
    <failure type="java.lang.AssertionError" message="expected [true] but found [false]">
      <![CDATA[java.lang.AssertionError: expected [true] but found [false]
	at MainIndependent.DetailsCameraTest(MainIndependent.java:158)
	at java.util.concurrent.FutureTask.run(FutureTask.java:266)
	at java.util.concurrent.ThreadPoolExecutor.runWorker(ThreadPoolExecutor.java:1142)
	at java.util.concurrent.ThreadPoolExecutor$Worker.run(ThreadPoolExecutor.java:617)
	at java.lang.Thread.run(Thread.java:745)
... Removed 20 stack frames]]>
    </failure>
  </testcase> <!-- DetailsCameraTest on [MainIndependent passed=0 failed=0 skipped=0] -->
  <testcase name="DetailsDateTest on [MainIndependent passed=0 failed=0 skipped=0]" time="4.146" classname="MainIndependent"/>
  <testcase name="DetailsFollowTest on [MainIndependent passed=0 failed=0 skipped=0]" time="4.219" classname="MainIndependent"/>
  <testcase name="DetailsNumbersTest on [MainIndependent passed=0 failed=0 skipped=0]" time="4.422" classname="MainIndependent"/>
  <testcase name="DetailsRightsTest on [MainIndependent passed=0 failed=0 skipped=0]" time="4.378" classname="MainIndependent"/>
  <testcase name="DetailsTagsTest on [MainIndependent passed=0 failed=0 skipped=0]" time="4.103" classname="MainIndependent"/>
  <testcase name="DetailsTitleTest on [MainIndependent passed=0 failed=0 skipped=0]" time="8.28" classname="MainIndependent"/>
  <testcase name="ExploreLinkAndPhotoTest on [MainIndependent passed=0 failed=0 skipped=0]" time="15.919" classname="MainIndependent">
    <failure type="java.lang.AssertionError" message="Not each photo passes test expected [49] but found [16]">
      <![CDATA[java.lang.AssertionError: Not each photo passes test expected [49] but found [16]
	at MainIndependent.ExploreLinkAndPhotoTest(MainIndependent.java:69)
	at java.util.concurrent.FutureTask.run(FutureTask.java:266)
	at java.util.concurrent.ThreadPoolExecutor.runWorker(ThreadPoolExecutor.java:1142)
	at java.util.concurrent.ThreadPoolExecutor$Worker.run(ThreadPoolExecutor.java:617)
	at java.lang.Thread.run(Thread.java:745)
... Removed 21 stack frames]]>
    </failure>
  </testcase> <!-- ExploreLinkAndPhotoTest on [MainIndependent passed=0 failed=0 skipped=0] -->
  <testcase name="GalleriesTestItems on [MainIndependent passed=0 failed=0 skipped=0]" time="2.413" classname="MainIndependent"/>
  <testcase name="GalleriesTestURL on [MainIndependent passed=0 failed=0 skipped=0]" time="3.32" classname="MainIndependent"/>
  <testcase name="GroupsTestRecommendedGroups on [MainIndependent passed=0 failed=0 skipped=0]" time="4.308" classname="MainIndependent"/>
  <testcase name="GroupsTestURL on [MainIndependent passed=0 failed=0 skipped=0]" time="6.06" classname="MainIndependent"/>
  <testcase name="MainMenuItemsContTest on [MainIndependent passed=0 failed=0 skipped=0]" time="3.951" classname="MainIndependent"/>
  <testcase name="MainMenuItemsTest on [MainIndependent passed=0 failed=0 skipped=0]" time="4.273" classname="MainIndependent"/>
  <testcase name="MainPageTitleTest on [MainIndependent passed=0 failed=0 skipped=0]" time="3.961" classname="MainIndependent"/>
  <testcase name="NavigateToDetailsTest on [MainIndependent passed=0 failed=0 skipped=0]" time="5.533" classname="MainIndependent"/>
  <testcase name="SearchTestPhoto on [MainIndependent passed=0 failed=0 skipped=0]" time="8.015" classname="MainIndependent"/>
  <testcase name="SearchTestUrl on [MainIndependent passed=0 failed=0 skipped=0]" time="3.43" classname="MainIndependent"/>
  <testcase name="SubMenuItemsTest on [MainIndependent passed=0 failed=0 skipped=0]" time="5.73" classname="MainIndependent"/>
  <testcase name="YouLinkAndNameTest on [MainIndependent passed=0 failed=0 skipped=0]" time="20.257" classname="MainIndependent"/>
</testsuite>
