<?xml version="1.0" encoding="UTF-8"?>
<!-- Generated by org.testng.reporters.JUnitXMLReporter -->
<testsuite hostname="EPBYBREW0280" ignored="0" tests="23" failures="1" timestamp="31 Jan 2017 12:35:31 GMT" time="198.637" errors="0">
  <testcase name="AlbumTest" time="27.864" classname="MainIndependent"/>
  <testcase name="AuthorsLinkTest" time="6.441" classname="MainIndependent"/>
  <testcase name="DetailsAuthorTest" time="4.439" classname="MainIndependent"/>
  <testcase name="DetailsCameraTest" time="4.903" classname="MainIndependent"/>
  <testcase name="DetailsDateTest" time="5.631" classname="MainIndependent"/>
  <testcase name="DetailsFollowTest" time="7.406" classname="MainIndependent"/>
  <testcase name="DetailsNumbersTest" time="7.347" classname="MainIndependent"/>
  <testcase name="DetailsRightsTest" time="7.61" classname="MainIndependent"/>
  <testcase name="DetailsTagsTest" time="10.152" classname="MainIndependent"/>
  <testcase name="DetailsTitleTest" time="8.368" classname="MainIndependent"/>
  <testcase name="ExploreLinkAndPhotoTest" time="22.065" classname="MainIndependent">
    <failure type="java.lang.AssertionError" message="Not each photo passes test! expected [48] but found [14]">
      <![CDATA[java.lang.AssertionError: Not each photo passes test! expected [48] but found [14]
	at MainIndependent.ExploreLinkAndPhotoTest(MainIndependent.java:68)
	at java.util.concurrent.FutureTask.run(FutureTask.java:266)
	at java.util.concurrent.ThreadPoolExecutor.runWorker(ThreadPoolExecutor.java:1142)
	at java.util.concurrent.ThreadPoolExecutor$Worker.run(ThreadPoolExecutor.java:617)
	at java.lang.Thread.run(Thread.java:745)
... Removed 21 stack frames]]>
    </failure>
  </testcase> <!-- ExploreLinkAndPhotoTest -->
  <testcase name="GalleriesTestItems" time="4.321" classname="MainIndependent"/>
  <testcase name="GalleriesTestURL" time="5.747" classname="MainIndependent"/>
  <testcase name="GroupsTestRecommendedGroups" time="4.698" classname="MainIndependent"/>
  <testcase name="GroupsTestURL" time="8.379" classname="MainIndependent"/>
  <testcase name="MainMenuItemsContTest" time="2.965" classname="MainIndependent"/>
  <testcase name="MainMenuItemsTest" time="4.996" classname="MainIndependent"/>
  <testcase name="MainPageTitleTest" time="2.977" classname="MainIndependent"/>
  <testcase name="NavigateToDetailsTest" time="6.62" classname="MainIndependent"/>
  <testcase name="SearchTestPhoto" time="8.546" classname="MainIndependent"/>
  <testcase name="SearchTestUrl" time="3.604" classname="MainIndependent"/>
  <testcase name="SubMenuItemsTest" time="4.438" classname="MainIndependent"/>
  <testcase name="YouLinkAndNameTest" time="4.819" classname="MainIndependent"/>
</testsuite>
