<?xml version="1.0" encoding="UTF-8"?>
<!-- Generated by org.testng.reporters.JUnitXMLReporter -->
<testsuite hostname="EPBYBREW0280" ignored="0" tests="23" failures="1" timestamp="31 Jan 2017 10:39:38 GMT" time="226.974" errors="0">
  <testcase name="AlbumTest on [MainIndependent passed=0 failed=0 skipped=0]" time="30.633" classname="MainIndependent"/>
  <testcase name="AuthorsLinkTest on [MainIndependent passed=0 failed=0 skipped=0]" time="7.6" classname="MainIndependent"/>
  <testcase name="DetailsAuthorTest on [MainIndependent passed=0 failed=0 skipped=0]" time="5.524" classname="MainIndependent"/>
  <testcase name="DetailsCameraTest on [MainIndependent passed=0 failed=0 skipped=0]" time="5.119" classname="MainIndependent"/>
  <testcase name="DetailsDateTest on [MainIndependent passed=0 failed=0 skipped=0]" time="5.985" classname="MainIndependent"/>
  <testcase name="DetailsFollowTest on [MainIndependent passed=0 failed=0 skipped=0]" time="5.697" classname="MainIndependent"/>
  <testcase name="DetailsNumbersTest on [MainIndependent passed=0 failed=0 skipped=0]" time="6.95" classname="MainIndependent"/>
  <testcase name="DetailsRightsTest on [MainIndependent passed=0 failed=0 skipped=0]" time="5.561" classname="MainIndependent"/>
  <testcase name="DetailsTagsTest on [MainIndependent passed=0 failed=0 skipped=0]" time="9.244" classname="MainIndependent"/>
  <testcase name="DetailsTitleTest on [MainIndependent passed=0 failed=0 skipped=0]" time="5.856" classname="MainIndependent"/>
  <testcase name="ExploreLinkAndPhotoTest on [MainIndependent passed=0 failed=0 skipped=0]" time="28.458" classname="MainIndependent">
    <failure type="java.lang.AssertionError" message="Not each photo passes test! expected [48] but found [14]">
      <![CDATA[java.lang.AssertionError: Not each photo passes test! expected [48] but found [14]
	at MainIndependent.ExploreLinkAndPhotoTest(MainIndependent.java:68)
	at java.util.concurrent.FutureTask.run(FutureTask.java:266)
	at java.util.concurrent.ThreadPoolExecutor.runWorker(ThreadPoolExecutor.java:1142)
	at java.util.concurrent.ThreadPoolExecutor$Worker.run(ThreadPoolExecutor.java:617)
	at java.lang.Thread.run(Thread.java:745)
... Removed 21 stack frames]]>
    </failure>
  </testcase> <!-- ExploreLinkAndPhotoTest on [MainIndependent passed=0 failed=0 skipped=0] -->
  <testcase name="GalleriesTestItems on [MainIndependent passed=0 failed=0 skipped=0]" time="3.208" classname="MainIndependent"/>
  <testcase name="GalleriesTestURL on [MainIndependent passed=0 failed=0 skipped=0]" time="5.641" classname="MainIndependent"/>
  <testcase name="GroupsTestRecommendedGroups on [MainIndependent passed=0 failed=0 skipped=0]" time="4.859" classname="MainIndependent"/>
  <testcase name="GroupsTestURL on [MainIndependent passed=0 failed=0 skipped=0]" time="9.69" classname="MainIndependent"/>
  <testcase name="MainMenuItemsContTest on [MainIndependent passed=0 failed=0 skipped=0]" time="4.258" classname="MainIndependent"/>
  <testcase name="MainMenuItemsTest on [MainIndependent passed=0 failed=0 skipped=0]" time="8.958" classname="MainIndependent"/>
  <testcase name="MainPageTitleTest on [MainIndependent passed=0 failed=0 skipped=0]" time="5.025" classname="MainIndependent"/>
  <testcase name="NavigateToDetailsTest on [MainIndependent passed=0 failed=0 skipped=0]" time="10.191" classname="MainIndependent"/>
  <testcase name="SearchTestPhoto on [MainIndependent passed=0 failed=0 skipped=0]" time="8.309" classname="MainIndependent"/>
  <testcase name="SearchTestUrl on [MainIndependent passed=0 failed=0 skipped=0]" time="5.615" classname="MainIndependent"/>
  <testcase name="SubMenuItemsTest on [MainIndependent passed=0 failed=0 skipped=0]" time="8.16" classname="MainIndependent"/>
  <testcase name="YouLinkAndNameTest on [MainIndependent passed=0 failed=0 skipped=0]" time="11.312" classname="MainIndependent"/>
</testsuite>
