<?xml version="1.0" encoding="UTF-8"?>
<!-- Generated by org.testng.reporters.JUnitXMLReporter -->
<testsuite hostname="EPBYBREW0280" ignored="0" tests="23" failures="2" timestamp="02 Feb 2017 11:01:53 GMT" time="264.739" errors="0">
  <testcase name="AlbumTest" time="33.599" classname="MainIndependent"/>
  <testcase name="AuthorsLinkTest" time="10.084" classname="MainIndependent"/>
  <testcase name="DetailsAuthorTest" time="6.474" classname="MainIndependent"/>
  <testcase name="DetailsCameraTest" time="6.715" classname="MainIndependent"/>
  <testcase name="DetailsDateTest" time="6.288" classname="MainIndependent"/>
  <testcase name="DetailsFollowTest" time="7.048" classname="MainIndependent"/>
  <testcase name="DetailsNumbersTest" time="7.939" classname="MainIndependent"/>
  <testcase name="DetailsRightsTest" time="6.842" classname="MainIndependent"/>
  <testcase name="DetailsTagsTest" time="7.01" classname="MainIndependent"/>
  <testcase name="DetailsTitleTest" time="6.698" classname="MainIndependent"/>
  <testcase name="ExploreLinkAndPhotoTest" time="24.571" classname="MainIndependent">
    <failure type="java.lang.AssertionError" message="Not each photo passes test! expected [50] but found [20]">
      <![CDATA[java.lang.AssertionError: Not each photo passes test! expected [50] but found [20]
	at MainIndependent.ExploreLinkAndPhotoTest(MainIndependent.java:69)
	at java.util.concurrent.FutureTask.run(FutureTask.java:266)
	at java.util.concurrent.ThreadPoolExecutor.runWorker(ThreadPoolExecutor.java:1142)
	at java.util.concurrent.ThreadPoolExecutor$Worker.run(ThreadPoolExecutor.java:617)
	at java.lang.Thread.run(Thread.java:745)
... Removed 21 stack frames]]>
    </failure>
  </testcase> <!-- ExploreLinkAndPhotoTest -->
  <testcase name="GalleriesTestItems" time="2.884" classname="MainIndependent"/>
  <testcase name="GalleriesTestURL" time="8.804" classname="MainIndependent"/>
  <testcase name="GroupsTestRecommendedGroups" time="4.113" classname="MainIndependent"/>
  <testcase name="GroupsTestURL" time="12.035" classname="MainIndependent"/>
  <testcase name="MainMenuItemsContTest" time="7.691" classname="MainIndependent"/>
  <testcase name="MainMenuItemsTest" time="10.143" classname="MainIndependent"/>
  <testcase name="MainPageTitleTest" time="5.934" classname="MainIndependent"/>
  <testcase name="NavigateToDetailsTest" time="8.049" classname="MainIndependent"/>
  <testcase name="SearchTestPhoto" time="11.241" classname="MainIndependent">
    <failure type="java.lang.AssertionError" message="Your search returned incorrect results, possibly due Firefox!   expected [true] but found [false]">
      <![CDATA[java.lang.AssertionError: Your search returned incorrect results, possibly due Firefox!   expected [true] but found [false]
	at MainIndependent.SearchTestPhoto(MainIndependent.java:253)
	at java.util.concurrent.FutureTask.run(FutureTask.java:266)
	at java.util.concurrent.ThreadPoolExecutor.runWorker(ThreadPoolExecutor.java:1142)
	at java.util.concurrent.ThreadPoolExecutor$Worker.run(ThreadPoolExecutor.java:617)
	at java.lang.Thread.run(Thread.java:745)
... Removed 21 stack frames]]>
    </failure>
  </testcase> <!-- SearchTestPhoto -->
  <testcase name="SearchTestUrl" time="4.39" classname="MainIndependent"/>
  <testcase name="SubMenuItemsTest" time="7.333" classname="MainIndependent"/>
  <testcase name="YouLinkAndNameTest" time="9.421" classname="MainIndependent"/>
</testsuite>
