<html>
<head>
<title>TestNG:  epamPracticeTask-Flickr-</title>
<link href="../testng.css" rel="stylesheet" type="text/css" />
<link href="../my-testng.css" rel="stylesheet" type="text/css" />

<style type="text/css">
.log { display: none;} 
.stack-trace { display: none;} 
</style>
<script type="text/javascript">
<!--
function flip(e) {
  current = e.style.display;
  if (current == 'block') {
    e.style.display = 'none';
    return 0;
  }
  else {
    e.style.display = 'block';
    return 1;
  }
}

function toggleBox(szDivId, elem, msg1, msg2)
{
  var res = -1;  if (document.getElementById) {
    res = flip(document.getElementById(szDivId));
  }
  else if (document.all) {
    // this is the way old msie versions work
    res = flip(document.all[szDivId]);
  }
  if(elem) {
    if(res == 0) elem.innerHTML = msg1; else elem.innerHTML = msg2;
  }

}

function toggleAllBoxes() {
  if (document.getElementsByTagName) {
    d = document.getElementsByTagName('div');
    for (i = 0; i < d.length; i++) {
      if (d[i].className == 'log') {
        flip(d[i]);
      }
    }
  }
}

// -->
</script>

</head>
<body>
<h2 align='center'>epamPracticeTask-Flickr-</h2><table border='1' align="center">
<tr>
<td>Tests passed/Failed/Skipped:</td><td>20/3/0</td>
</tr><tr>
<td>Started on:</td><td>Fri Jan 27 14:53:46 MSK 2017</td>
</tr>
<tr><td>Total time:</td><td>180 seconds (180478 ms)</td>
</tr><tr>
<td>Included groups:</td><td></td>
</tr><tr>
<td>Excluded groups:</td><td></td>
</tr>
</table><p/>
<small><i>(Hover the method name to see the test class name)</i></small><p/>
<table width='100%' border='1' class='invocation-failed'>
<tr><td colspan='4' align='center'><b>FAILED TESTS</b></td></tr>
<tr><td><b>Test method</b></td>
<td width="30%"><b>Exception</b></td>
<td width="10%"><b>Time (seconds)</b></td>
<td><b>Instance</b></td>
</tr>
<tr>
<td title='MainIndependent.DetailsCameraTest()'><b>DetailsCameraTest</b><br>Test class: MainIndependent<br>Test method: #8.6 Page with photo details contains every all necessary items (Camera)</td>
<td><div><pre>java.lang.AssertionError: expected [true] but found [false]
	at MainIndependent.DetailsCameraTest(MainIndependent.java:158)
	at com.intellij.rt.execution.application.AppMain.main(AppMain.java:147)
... Removed 32 stack frames</pre></div><a href='#' onClick='toggleBox("stack-trace1342346098", this, "Click to show all stack frames", "Click to hide stack frames")'>Click to show all stack frames</a>
<div class='stack-trace' id='stack-trace1342346098'><pre>java.lang.AssertionError: expected [true] but found [false]
	at org.testng.Assert.fail(Assert.java:94)
	at org.testng.Assert.failNotEquals(Assert.java:513)
	at org.testng.Assert.assertTrue(Assert.java:42)
	at org.testng.Assert.assertTrue(Assert.java:52)
	at MainIndependent.DetailsCameraTest(MainIndependent.java:158)
	at sun.reflect.NativeMethodAccessorImpl.invoke0(Native Method)
	at sun.reflect.NativeMethodAccessorImpl.invoke(NativeMethodAccessorImpl.java:62)
	at sun.reflect.DelegatingMethodAccessorImpl.invoke(DelegatingMethodAccessorImpl.java:43)
	at java.lang.reflect.Method.invoke(Method.java:498)
	at org.testng.internal.MethodInvocationHelper.invokeMethod(MethodInvocationHelper.java:104)
	at org.testng.internal.Invoker.invokeMethod(Invoker.java:645)
	at org.testng.internal.Invoker.invokeTestMethod(Invoker.java:851)
	at org.testng.internal.Invoker.invokeTestMethods(Invoker.java:1177)
	at org.testng.internal.TestMethodWorker.invokeTestMethods(TestMethodWorker.java:129)
	at org.testng.internal.TestMethodWorker.run(TestMethodWorker.java:112)
	at org.testng.TestRunner.privateRun(TestRunner.java:756)
	at org.testng.TestRunner.run(TestRunner.java:610)
	at org.testng.SuiteRunner.runTest(SuiteRunner.java:387)
	at org.testng.SuiteRunner.runSequentially(SuiteRunner.java:382)
	at org.testng.SuiteRunner.privateRun(SuiteRunner.java:340)
	at org.testng.SuiteRunner.run(SuiteRunner.java:289)
	at org.testng.SuiteRunnerWorker.runSuite(SuiteRunnerWorker.java:52)
	at org.testng.SuiteRunnerWorker.run(SuiteRunnerWorker.java:86)
	at org.testng.TestNG.runSuitesSequentially(TestNG.java:1293)
	at org.testng.TestNG.runSuitesLocally(TestNG.java:1218)
	at org.testng.TestNG.runSuites(TestNG.java:1133)
	at org.testng.TestNG.run(TestNG.java:1104)
	at org.testng.IDEARemoteTestNG.run(IDEARemoteTestNG.java:72)
	at org.testng.RemoteTestNGStarter.main(RemoteTestNGStarter.java:127)
	at sun.reflect.NativeMethodAccessorImpl.invoke0(Native Method)
	at sun.reflect.NativeMethodAccessorImpl.invoke(NativeMethodAccessorImpl.java:62)
	at sun.reflect.DelegatingMethodAccessorImpl.invoke(DelegatingMethodAccessorImpl.java:43)
	at java.lang.reflect.Method.invoke(Method.java:498)
	at com.intellij.rt.execution.application.AppMain.main(AppMain.java:147)
</pre></div></td>
<td>14</td>
<td>[MainIndependent passed=0 failed=0 skipped=0]</td></tr>
<tr>
<td title='MainIndependent.ExploreLinkAndPhotoTest()'><b>ExploreLinkAndPhotoTest</b><br>Test class: MainIndependent<br>Test method: #6 [Explore]-link and checking photos with label '<photo_title> by <author>' </td>
<td><div><pre>java.lang.AssertionError: Not each photo passes test expected [49] but found [16]
	at MainIndependent.ExploreLinkAndPhotoTest(MainIndependent.java:69)
	at com.intellij.rt.execution.application.AppMain.main(AppMain.java:147)
... Removed 33 stack frames</pre></div><a href='#' onClick='toggleBox("stack-trace1856158867", this, "Click to show all stack frames", "Click to hide stack frames")'>Click to show all stack frames</a>
<div class='stack-trace' id='stack-trace1856158867'><pre>java.lang.AssertionError: Not each photo passes test expected [49] but found [16]
	at org.testng.Assert.fail(Assert.java:94)
	at org.testng.Assert.failNotEquals(Assert.java:513)
	at org.testng.Assert.assertEqualsImpl(Assert.java:135)
	at org.testng.Assert.assertEquals(Assert.java:116)
	at org.testng.Assert.assertEquals(Assert.java:389)
	at MainIndependent.ExploreLinkAndPhotoTest(MainIndependent.java:69)
	at sun.reflect.NativeMethodAccessorImpl.invoke0(Native Method)
	at sun.reflect.NativeMethodAccessorImpl.invoke(NativeMethodAccessorImpl.java:62)
	at sun.reflect.DelegatingMethodAccessorImpl.invoke(DelegatingMethodAccessorImpl.java:43)
	at java.lang.reflect.Method.invoke(Method.java:498)
	at org.testng.internal.MethodInvocationHelper.invokeMethod(MethodInvocationHelper.java:104)
	at org.testng.internal.Invoker.invokeMethod(Invoker.java:645)
	at org.testng.internal.Invoker.invokeTestMethod(Invoker.java:851)
	at org.testng.internal.Invoker.invokeTestMethods(Invoker.java:1177)
	at org.testng.internal.TestMethodWorker.invokeTestMethods(TestMethodWorker.java:129)
	at org.testng.internal.TestMethodWorker.run(TestMethodWorker.java:112)
	at org.testng.TestRunner.privateRun(TestRunner.java:756)
	at org.testng.TestRunner.run(TestRunner.java:610)
	at org.testng.SuiteRunner.runTest(SuiteRunner.java:387)
	at org.testng.SuiteRunner.runSequentially(SuiteRunner.java:382)
	at org.testng.SuiteRunner.privateRun(SuiteRunner.java:340)
	at org.testng.SuiteRunner.run(SuiteRunner.java:289)
	at org.testng.SuiteRunnerWorker.runSuite(SuiteRunnerWorker.java:52)
	at org.testng.SuiteRunnerWorker.run(SuiteRunnerWorker.java:86)
	at org.testng.TestNG.runSuitesSequentially(TestNG.java:1293)
	at org.testng.TestNG.runSuitesLocally(TestNG.java:1218)
	at org.testng.TestNG.runSuites(TestNG.java:1133)
	at org.testng.TestNG.run(TestNG.java:1104)
	at org.testng.IDEARemoteTestNG.run(IDEARemoteTestNG.java:72)
	at org.testng.RemoteTestNGStarter.main(RemoteTestNGStarter.java:127)
	at sun.reflect.NativeMethodAccessorImpl.invoke0(Native Method)
	at sun.reflect.NativeMethodAccessorImpl.invoke(NativeMethodAccessorImpl.java:62)
	at sun.reflect.DelegatingMethodAccessorImpl.invoke(DelegatingMethodAccessorImpl.java:43)
	at java.lang.reflect.Method.invoke(Method.java:498)
	at com.intellij.rt.execution.application.AppMain.main(AppMain.java:147)
</pre></div></td>
<td>13</td>
<td>[MainIndependent passed=0 failed=0 skipped=0]</td></tr>
<tr>
<td title='MainIndependent.GalleriesTestURL()'><b>GalleriesTestURL</b><br>Test class: MainIndependent<br>Test method: #12.1 Additional own testing scenarios ([Explore]->[Galleries]). Check Url</td>
<td><div><pre>org.openqa.selenium.TimeoutException: Timed out after 20 seconds waiting for visibility of element located by By.xpath: //a[@data-track=&apos;edit-relationship&apos;]
Build info: version: &apos;2.53.1&apos;, revision: &apos;a36b8b1cd5757287168e54b817830adce9b0158d&apos;, time: &apos;2016-06-30 19:26:09&apos;
System info: host: &apos;EPBYBREW0280&apos;, ip: &apos;10.26.13.195&apos;, os.name: &apos;Windows 10&apos;, os.arch: &apos;amd64&apos;, os.version: &apos;10.0&apos;, java.version: &apos;1.8.0_112&apos;
Driver info: org.openqa.selenium.chrome.ChromeDriver
Capabilities [{applicationCacheEnabled=false, rotatable=false, mobileEmulationEnabled=false, networkConnectionEnabled=false, chrome={chromedriverVersion=2.25.426923 (0390b88869384d6eb0d5d09729679f934aab9eed), userDataDir=C:\Users\ULADZI~1\AppData\Local\Temp\scoped_dir12548_17664}, takesHeapSnapshot=true, pageLoadStrategy=normal, databaseEnabled=false, handlesAlerts=true, hasTouchScreen=false, version=55.0.2883.87, platform=XP, browserConnectionEnabled=false, nativeEvents=true, acceptSslCerts=true, locationContextEnabled=true, webStorageEnabled=true, browserName=chrome, takesScreenshot=true, javascriptEnabled=true, cssSelectorsEnabled=true}]
Session ID: 2e021d2238313d1283340fccf56bd3aa
	at org.openqa.selenium.support.ui.WebDriverWait.timeoutException(WebDriverWait.java:80)
	at org.openqa.selenium.support.ui.FluentWait.until(FluentWait.java:261)
	at pageObjects.GroupsPage.goToGalleriesPage(GroupsPage.java:81)
	at MainIndependent.GalleriesTestURL(MainIndependent.java:222)
	at com.intellij.rt.execution.application.AppMain.main(AppMain.java:147)
Caused by: org.openqa.selenium.NoSuchElementException: no such element: Unable to locate element: {&quot;method&quot;:&quot;xpath&quot;,&quot;selector&quot;:&quot;//a[@data-track=&apos;edit-relationship&apos;]&quot;}
  (Session info: chrome=55.0.2883.87)
  (Driver info: chromedriver=2.25.426923 (0390b88869384d6eb0d5d09729679f934aab9eed),platform=Windows NT 10.0.14393 x86_64) (WARNING: The server did not provide any stacktrace information)
Command duration or timeout: 13 milliseconds
For documentation on this error, please visit: http://seleniumhq.org/exceptions/no_such_element.html
Build info: version: &apos;2.53.1&apos;, revision: &apos;a36b8b1cd5757287168e54b817830adce9b0158d&apos;, time: &apos;2016-06-30 19:26:09&apos;
System info: host: &apos;EPBYBREW0280&apos;, ip: &apos;10.26.13.195&apos;, os.name: &apos;Windows 10&apos;, os.arch: &apos;amd64&apos;, os.version: &apos;10.0&apos;, java.version: &apos;1.8.0_112&apos;
Driver info: org.openqa.selenium.chrome.ChromeDriver
Capabilities [{applicationCacheEnabled=false, rotatable=false, mobileEmulationEnabled=false, networkConnectionEnabled=false, chrome={chromedriverVersion=2.25.426923 (0390b88869384d6eb0d5d09729679f934aab9eed), userDataDir=C:\Users\ULADZI~1\AppData\Local\Temp\scoped_dir12548_17664}, takesHeapSnapshot=true, pageLoadStrategy=normal, databaseEnabled=false, handlesAlerts=true, hasTouchScreen=false, version=55.0.2883.87, platform=XP, browserConnectionEnabled=false, nativeEvents=true, acceptSslCerts=true, locationContextEnabled=true, webStorageEnabled=true, browserName=chrome, takesScreenshot=true, javascriptEnabled=true, cssSelectorsEnabled=true}]
Session ID: 2e021d2238313d1283340fccf56bd3aa
*** Element info: {Using=xpath, value=//a[@data-track=&apos;edit-relationship&apos;]}
	at org.openqa.selenium.remote.ErrorHandler.createThrowable(ErrorHandler.java:206)
	at org.openqa.selenium.remote.ErrorHandler.throwIfResponseFailed(ErrorHandler.java:158)
	at org.openqa.selenium.remote.RemoteWebDriver.execute(RemoteWebDriver.java:678)
	at org.openqa.selenium.remote.RemoteWebDriver.findElement(RemoteWebDriver.java:363)
	at org.openqa.selenium.remote.RemoteWebDriver.findElementByXPath(RemoteWebDriver.java:500)
	at org.openqa.selenium.By$ByXPath.findElement(By.java:361)
	at org.openqa.selenium.remote.RemoteWebDriver.findElement(RemoteWebDriver.java:355)
	at org.openqa.selenium.support.ui.ExpectedConditions.findElement(ExpectedConditions.java:899)
	at org.openqa.selenium.support.ui.ExpectedConditions.access$000(ExpectedConditions.java:41)
	at org.openqa.selenium.support.ui.ExpectedConditions$7.apply(ExpectedConditions.java:205)
	at org.openqa.selenium.support.ui.ExpectedConditions$7.apply(ExpectedConditions.java:201)
	at org.openqa.selenium.support.ui.FluentWait.until(FluentWait.java:238)
	... 31 more
... Removed 31 stack frames</pre></div><a href='#' onClick='toggleBox("stack-trace408069119", this, "Click to show all stack frames", "Click to hide stack frames")'>Click to show all stack frames</a>
<div class='stack-trace' id='stack-trace408069119'><pre>org.openqa.selenium.TimeoutException: Timed out after 20 seconds waiting for visibility of element located by By.xpath: //a[@data-track=&apos;edit-relationship&apos;]
Build info: version: &apos;2.53.1&apos;, revision: &apos;a36b8b1cd5757287168e54b817830adce9b0158d&apos;, time: &apos;2016-06-30 19:26:09&apos;
System info: host: &apos;EPBYBREW0280&apos;, ip: &apos;10.26.13.195&apos;, os.name: &apos;Windows 10&apos;, os.arch: &apos;amd64&apos;, os.version: &apos;10.0&apos;, java.version: &apos;1.8.0_112&apos;
Driver info: org.openqa.selenium.chrome.ChromeDriver
Capabilities [{applicationCacheEnabled=false, rotatable=false, mobileEmulationEnabled=false, networkConnectionEnabled=false, chrome={chromedriverVersion=2.25.426923 (0390b88869384d6eb0d5d09729679f934aab9eed), userDataDir=C:\Users\ULADZI~1\AppData\Local\Temp\scoped_dir12548_17664}, takesHeapSnapshot=true, pageLoadStrategy=normal, databaseEnabled=false, handlesAlerts=true, hasTouchScreen=false, version=55.0.2883.87, platform=XP, browserConnectionEnabled=false, nativeEvents=true, acceptSslCerts=true, locationContextEnabled=true, webStorageEnabled=true, browserName=chrome, takesScreenshot=true, javascriptEnabled=true, cssSelectorsEnabled=true}]
Session ID: 2e021d2238313d1283340fccf56bd3aa
	at org.openqa.selenium.support.ui.WebDriverWait.timeoutException(WebDriverWait.java:80)
	at org.openqa.selenium.support.ui.FluentWait.until(FluentWait.java:261)
	at pageObjects.GroupsPage.goToGalleriesPage(GroupsPage.java:81)
	at MainIndependent.GalleriesTestURL(MainIndependent.java:222)
	at sun.reflect.NativeMethodAccessorImpl.invoke0(Native Method)
	at sun.reflect.NativeMethodAccessorImpl.invoke(NativeMethodAccessorImpl.java:62)
	at sun.reflect.DelegatingMethodAccessorImpl.invoke(DelegatingMethodAccessorImpl.java:43)
	at java.lang.reflect.Method.invoke(Method.java:498)
	at org.testng.internal.MethodInvocationHelper.invokeMethod(MethodInvocationHelper.java:104)
	at org.testng.internal.Invoker.invokeMethod(Invoker.java:645)
	at org.testng.internal.Invoker.invokeTestMethod(Invoker.java:851)
	at org.testng.internal.Invoker.invokeTestMethods(Invoker.java:1177)
	at org.testng.internal.TestMethodWorker.invokeTestMethods(TestMethodWorker.java:129)
	at org.testng.internal.TestMethodWorker.run(TestMethodWorker.java:112)
	at org.testng.TestRunner.privateRun(TestRunner.java:756)
	at org.testng.TestRunner.run(TestRunner.java:610)
	at org.testng.SuiteRunner.runTest(SuiteRunner.java:387)
	at org.testng.SuiteRunner.runSequentially(SuiteRunner.java:382)
	at org.testng.SuiteRunner.privateRun(SuiteRunner.java:340)
	at org.testng.SuiteRunner.run(SuiteRunner.java:289)
	at org.testng.SuiteRunnerWorker.runSuite(SuiteRunnerWorker.java:52)
	at org.testng.SuiteRunnerWorker.run(SuiteRunnerWorker.java:86)
	at org.testng.TestNG.runSuitesSequentially(TestNG.java:1293)
	at org.testng.TestNG.runSuitesLocally(TestNG.java:1218)
	at org.testng.TestNG.runSuites(TestNG.java:1133)
	at org.testng.TestNG.run(TestNG.java:1104)
	at org.testng.IDEARemoteTestNG.run(IDEARemoteTestNG.java:72)
	at org.testng.RemoteTestNGStarter.main(RemoteTestNGStarter.java:127)
	at sun.reflect.NativeMethodAccessorImpl.invoke0(Native Method)
	at sun.reflect.NativeMethodAccessorImpl.invoke(NativeMethodAccessorImpl.java:62)
	at sun.reflect.DelegatingMethodAccessorImpl.invoke(DelegatingMethodAccessorImpl.java:43)
	at java.lang.reflect.Method.invoke(Method.java:498)
	at com.intellij.rt.execution.application.AppMain.main(AppMain.java:147)
Caused by: org.openqa.selenium.NoSuchElementException: no such element: Unable to locate element: {&quot;method&quot;:&quot;xpath&quot;,&quot;selector&quot;:&quot;//a[@data-track=&apos;edit-relationship&apos;]&quot;}
  (Session info: chrome=55.0.2883.87)
  (Driver info: chromedriver=2.25.426923 (0390b88869384d6eb0d5d09729679f934aab9eed),platform=Windows NT 10.0.14393 x86_64) (WARNING: The server did not provide any stacktrace information)
Command duration or timeout: 13 milliseconds
For documentation on this error, please visit: http://seleniumhq.org/exceptions/no_such_element.html
Build info: version: &apos;2.53.1&apos;, revision: &apos;a36b8b1cd5757287168e54b817830adce9b0158d&apos;, time: &apos;2016-06-30 19:26:09&apos;
System info: host: &apos;EPBYBREW0280&apos;, ip: &apos;10.26.13.195&apos;, os.name: &apos;Windows 10&apos;, os.arch: &apos;amd64&apos;, os.version: &apos;10.0&apos;, java.version: &apos;1.8.0_112&apos;
Driver info: org.openqa.selenium.chrome.ChromeDriver
Capabilities [{applicationCacheEnabled=false, rotatable=false, mobileEmulationEnabled=false, networkConnectionEnabled=false, chrome={chromedriverVersion=2.25.426923 (0390b88869384d6eb0d5d09729679f934aab9eed), userDataDir=C:\Users\ULADZI~1\AppData\Local\Temp\scoped_dir12548_17664}, takesHeapSnapshot=true, pageLoadStrategy=normal, databaseEnabled=false, handlesAlerts=true, hasTouchScreen=false, version=55.0.2883.87, platform=XP, browserConnectionEnabled=false, nativeEvents=true, acceptSslCerts=true, locationContextEnabled=true, webStorageEnabled=true, browserName=chrome, takesScreenshot=true, javascriptEnabled=true, cssSelectorsEnabled=true}]
Session ID: 2e021d2238313d1283340fccf56bd3aa
*** Element info: {Using=xpath, value=//a[@data-track=&apos;edit-relationship&apos;]}
	at sun.reflect.GeneratedConstructorAccessor12.newInstance(Unknown Source)
	at sun.reflect.DelegatingConstructorAccessorImpl.newInstance(DelegatingConstructorAccessorImpl.java:45)
	at java.lang.reflect.Constructor.newInstance(Constructor.java:423)
	at org.openqa.selenium.remote.ErrorHandler.createThrowable(ErrorHandler.java:206)
	at org.openqa.selenium.remote.ErrorHandler.throwIfResponseFailed(ErrorHandler.java:158)
	at org.openqa.selenium.remote.RemoteWebDriver.execute(RemoteWebDriver.java:678)
	at org.openqa.selenium.remote.RemoteWebDriver.findElement(RemoteWebDriver.java:363)
	at org.openqa.selenium.remote.RemoteWebDriver.findElementByXPath(RemoteWebDriver.java:500)
	at org.openqa.selenium.By$ByXPath.findElement(By.java:361)
	at org.openqa.selenium.remote.RemoteWebDriver.findElement(RemoteWebDriver.java:355)
	at org.openqa.selenium.support.ui.ExpectedConditions.findElement(ExpectedConditions.java:899)
	at org.openqa.selenium.support.ui.ExpectedConditions.access$000(ExpectedConditions.java:41)
	at org.openqa.selenium.support.ui.ExpectedConditions$7.apply(ExpectedConditions.java:205)
	at org.openqa.selenium.support.ui.ExpectedConditions$7.apply(ExpectedConditions.java:201)
	at org.openqa.selenium.support.ui.FluentWait.until(FluentWait.java:238)
	... 31 more
</pre></div></td>
<td>21</td>
<td>[MainIndependent passed=0 failed=0 skipped=0]</td></tr>
</table><p>
<table width='100%' border='1' class='invocation-passed'>
<tr><td colspan='4' align='center'><b>PASSED TESTS</b></td></tr>
<tr><td><b>Test method</b></td>
<td width="30%"><b>Exception</b></td>
<td width="10%"><b>Time (seconds)</b></td>
<td><b>Instance</b></td>
</tr>
<tr>
<td title='MainIndependent.AlbumTest()'><b>AlbumTest</b><br>Test class: MainIndependent<br>Test method: #10 Every Album has a thumbnail, title, link and a number of photos and views </td>
<td></td>
<td>24</td>
<td>[MainIndependent passed=0 failed=0 skipped=0]</td></tr>
<tr>
<td title='MainIndependent.AuthorsLinkTest()'><b>AuthorsLinkTest</b><br>Test class: MainIndependent<br>Test method: #9 Author’s name navigates to the page with author’s photostream</td>
<td></td>
<td>6</td>
<td>[MainIndependent passed=0 failed=0 skipped=0]</td></tr>
<tr>
<td title='MainIndependent.DetailsAuthorTest()'><b>DetailsAuthorTest</b><br>Test class: MainIndependent<br>Test method: #8.1.2 Page with photo details contains every all necessary items (Author)</td>
<td></td>
<td>3</td>
<td>[MainIndependent passed=0 failed=0 skipped=0]</td></tr>
<tr>
<td title='MainIndependent.DetailsDateTest()'><b>DetailsDateTest</b><br>Test class: MainIndependent<br>Test method: #8.4 Page with photo details contains every all necessary items (Date of photo)</td>
<td></td>
<td>6</td>
<td>[MainIndependent passed=0 failed=0 skipped=0]</td></tr>
<tr>
<td title='MainIndependent.DetailsFollowTest()'><b>DetailsFollowTest</b><br>Test class: MainIndependent<br>Test method: #8.2 Page with photo details contains every all necessary items (Follow-button)</td>
<td></td>
<td>4</td>
<td>[MainIndependent passed=0 failed=0 skipped=0]</td></tr>
<tr>
<td title='MainIndependent.DetailsNumbersTest()'><b>DetailsNumbersTest</b><br>Test class: MainIndependent<br>Test method: #8.3 Page with photo details contains every all necessary items (number of views, faves, comments)</td>
<td></td>
<td>7</td>
<td>[MainIndependent passed=0 failed=0 skipped=0]</td></tr>
<tr>
<td title='MainIndependent.DetailsRightsTest()'><b>DetailsRightsTest</b><br>Test class: MainIndependent<br>Test method: #8.5 Page with photo details contains every all necessary items (Rights link)</td>
<td></td>
<td>4</td>
<td>[MainIndependent passed=0 failed=0 skipped=0]</td></tr>
<tr>
<td title='MainIndependent.DetailsTagsTest()'><b>DetailsTagsTest</b><br>Test class: MainIndependent<br>Test method: #8.7 Page with photo details contains every all necessary items (Tags)</td>
<td></td>
<td>4</td>
<td>[MainIndependent passed=0 failed=0 skipped=0]</td></tr>
<tr>
<td title='MainIndependent.DetailsTitleTest()'><b>DetailsTitleTest</b><br>Test class: MainIndependent<br>Test method: #8.1.1 Page with photo details contains every all necessary items (Title)</td>
<td></td>
<td>3</td>
<td>[MainIndependent passed=0 failed=0 skipped=0]</td></tr>
<tr>
<td title='MainIndependent.GalleriesTestItems()'><b>GalleriesTestItems</b><br>Test class: MainIndependent<br>Test method: #12.2 Additional own testing scenarios ([Explore]->[Galleries]). Check gallery's items</td>
<td></td>
<td>2</td>
<td>[MainIndependent passed=0 failed=0 skipped=0]</td></tr>
<tr>
<td title='MainIndependent.GroupsTestRecommendedGroups()'><b>GroupsTestRecommendedGroups</b><br>Test class: MainIndependent<br>Test method: #11.2 Additional own testing scenarios ([You]->[Groups]). Check recommended group</td>
<td></td>
<td>3</td>
<td>[MainIndependent passed=0 failed=0 skipped=0]</td></tr>
<tr>
<td title='MainIndependent.GroupsTestURL()'><b>GroupsTestURL</b><br>Test class: MainIndependent<br>Test method: #11.1 Additional own testing scenarios ([You]->[Groups]). Check Url</td>
<td></td>
<td>6</td>
<td>[MainIndependent passed=0 failed=0 skipped=0]</td></tr>
<tr>
<td title='MainIndependent.MainMenuItemsContTest()'><b>MainMenuItemsContTest</b><br>Test class: MainIndependent<br>Test method: #3.1 Main menu items count test</td>
<td></td>
<td>3</td>
<td>[MainIndependent passed=0 failed=0 skipped=0]</td></tr>
<tr>
<td title='MainIndependent.MainMenuItemsTest()'><b>MainMenuItemsTest</b><br>Test class: MainIndependent<br>Test method: #3.2 Main menu items test</td>
<td></td>
<td>3</td>
<td>[MainIndependent passed=0 failed=0 skipped=0]</td></tr>
<tr>
<td title='MainIndependent.MainPageTitleTest()'><b>MainPageTitleTest</b><br>Test class: MainIndependent<br>Test method: #2 Main page's title test</td>
<td></td>
<td>3</td>
<td>[MainIndependent passed=0 failed=0 skipped=0]</td></tr>
<tr>
<td title='MainIndependent.NavigateToDetailsTest()'><b>NavigateToDetailsTest</b><br>Test class: MainIndependent<br>Test method: #7 Photo and its title navigate to the same page with other picture details</td>
<td></td>
<td>5</td>
<td>[MainIndependent passed=0 failed=0 skipped=0]</td></tr>
<tr>
<td title='MainIndependent.SearchTestPhoto()'><b>SearchTestPhoto</b><br>Test class: MainIndependent<br>Test method: #13.2 Additional own testing scenarios (Search functionality). Search Photo</td>
<td></td>
<td>6</td>
<td>[MainIndependent passed=0 failed=0 skipped=0]</td></tr>
<tr>
<td title='MainIndependent.SearchTestUrl()'><b>SearchTestUrl</b><br>Test class: MainIndependent<br>Test method: #13.1 Additional own testing scenarios (Search functionality). Search Url</td>
<td></td>
<td>2</td>
<td>[MainIndependent passed=0 failed=0 skipped=0]</td></tr>
<tr>
<td title='MainIndependent.SubMenuItemsTest()'><b>SubMenuItemsTest</b><br>Test class: MainIndependent<br>Test method: #4 Sub-menu items contain items</td>
<td></td>
<td>5</td>
<td>[MainIndependent passed=0 failed=0 skipped=0]</td></tr>
<tr>
<td title='MainIndependent.YouLinkAndNameTest()'><b>YouLinkAndNameTest</b><br>Test class: MainIndependent<br>Test method: #5 [You]-link and checking username</td>
<td></td>
<td>5</td>
<td>[MainIndependent passed=0 failed=0 skipped=0]</td></tr>
</table><p>
</body>
</html>