<?xml version="1.0" encoding="UTF-8"?>
<!-- Generated by org.testng.reporters.JUnitXMLReporter -->
<testsuite hostname="EPBYBREW0280" ignored="0" tests="23" failures="3" timestamp="27 Jan 2017 11:56:47 GMT" time="180.478" errors="0">
  <testcase name="AlbumTest on [MainIndependent passed=0 failed=0 skipped=0]" time="24.63" classname="MainIndependent"/>
  <testcase name="AuthorsLinkTest on [MainIndependent passed=0 failed=0 skipped=0]" time="6.217" classname="MainIndependent"/>
  <testcase name="DetailsAuthorTest on [MainIndependent passed=0 failed=0 skipped=0]" time="3.798" classname="MainIndependent"/>
  <testcase name="DetailsCameraTest on [MainIndependent passed=0 failed=0 skipped=0]" time="14.238" classname="MainIndependent">
    <failure type="java.lang.AssertionError" message="expected [true] but found [false]">
      <![CDATA[java.lang.AssertionError: expected [true] but found [false]
	at MainIndependent.DetailsCameraTest(MainIndependent.java:158)
	at com.intellij.rt.execution.application.AppMain.main(AppMain.java:147)
... Removed 32 stack frames]]>
    </failure>
  </testcase> <!-- DetailsCameraTest on [MainIndependent passed=0 failed=0 skipped=0] -->
  <testcase name="DetailsDateTest on [MainIndependent passed=0 failed=0 skipped=0]" time="6.601" classname="MainIndependent"/>
  <testcase name="DetailsFollowTest on [MainIndependent passed=0 failed=0 skipped=0]" time="4.949" classname="MainIndependent"/>
  <testcase name="DetailsNumbersTest on [MainIndependent passed=0 failed=0 skipped=0]" time="7.187" classname="MainIndependent"/>
  <testcase name="DetailsRightsTest on [MainIndependent passed=0 failed=0 skipped=0]" time="4.045" classname="MainIndependent"/>
  <testcase name="DetailsTagsTest on [MainIndependent passed=0 failed=0 skipped=0]" time="4.159" classname="MainIndependent"/>
  <testcase name="DetailsTitleTest on [MainIndependent passed=0 failed=0 skipped=0]" time="3.74" classname="MainIndependent"/>
  <testcase name="ExploreLinkAndPhotoTest on [MainIndependent passed=0 failed=0 skipped=0]" time="13.013" classname="MainIndependent">
    <failure type="java.lang.AssertionError" message="Not each photo passes test expected [49] but found [16]">
      <![CDATA[java.lang.AssertionError: Not each photo passes test expected [49] but found [16]
	at MainIndependent.ExploreLinkAndPhotoTest(MainIndependent.java:69)
	at com.intellij.rt.execution.application.AppMain.main(AppMain.java:147)
... Removed 33 stack frames]]>
    </failure>
  </testcase> <!-- ExploreLinkAndPhotoTest on [MainIndependent passed=0 failed=0 skipped=0] -->
  <testcase name="GalleriesTestItems on [MainIndependent passed=0 failed=0 skipped=0]" time="2.585" classname="MainIndependent"/>
  <testcase name="GalleriesTestURL on [MainIndependent passed=0 failed=0 skipped=0]" time="21.975" classname="MainIndependent">
    <failure type="org.openqa.selenium.TimeoutException" message="Timed out after 20 seconds waiting for visibility of element located by By.xpath: //a[@data-track=&amp;apos;edit-relationship&amp;apos;]
Build info: version: &amp;apos;2.53.1&amp;apos;, revision: &amp;apos;a36b8b1cd5757287168e54b817830adce9b0158d&amp;apos;, time: &amp;apos;2016-06-30 19:26:09&amp;apos;
System info: host: &amp;apos;EPBYBREW0280&amp;apos;, ip: &amp;apos;10.26.13.195&amp;apos;, os.name: &amp;apos;Windows 10&amp;apos;, os.arch: &amp;apos;amd64&amp;apos;, os.version: &amp;apos;10.0&amp;apos;, java.version: &amp;apos;1.8.0_112&amp;apos;
Driver info: org.openqa.selenium.chrome.ChromeDriver
Capabilities [{applicationCacheEnabled=false, rotatable=false, mobileEmulationEnabled=false, networkConnectionEnabled=false, chrome={chromedriverVersion=2.25.426923 (0390b88869384d6eb0d5d09729679f934aab9eed), userDataDir=C:\Users\ULADZI~1\AppData\Local\Temp\scoped_dir12548_17664}, takesHeapSnapshot=true, pageLoadStrategy=normal, databaseEnabled=false, handlesAlerts=true, hasTouchScreen=false, version=55.0.2883.87, platform=XP, browserConnectionEnabled=false, nativeEvents=true, acceptSslCerts=true, locationContextEnabled=true, webStorageEnabled=true, browserName=chrome, takesScreenshot=true, javascriptEnabled=true, cssSelectorsEnabled=true}]
Session ID: 2e021d2238313d1283340fccf56bd3aa">
      <![CDATA[org.openqa.selenium.TimeoutException: Timed out after 20 seconds waiting for visibility of element located by By.xpath: //a[@data-track='edit-relationship']
Build info: version: '2.53.1', revision: 'a36b8b1cd5757287168e54b817830adce9b0158d', time: '2016-06-30 19:26:09'
System info: host: 'EPBYBREW0280', ip: '10.26.13.195', os.name: 'Windows 10', os.arch: 'amd64', os.version: '10.0', java.version: '1.8.0_112'
Driver info: org.openqa.selenium.chrome.ChromeDriver
Capabilities [{applicationCacheEnabled=false, rotatable=false, mobileEmulationEnabled=false, networkConnectionEnabled=false, chrome={chromedriverVersion=2.25.426923 (0390b88869384d6eb0d5d09729679f934aab9eed), userDataDir=C:\Users\ULADZI~1\AppData\Local\Temp\scoped_dir12548_17664}, takesHeapSnapshot=true, pageLoadStrategy=normal, databaseEnabled=false, handlesAlerts=true, hasTouchScreen=false, version=55.0.2883.87, platform=XP, browserConnectionEnabled=false, nativeEvents=true, acceptSslCerts=true, locationContextEnabled=true, webStorageEnabled=true, browserName=chrome, takesScreenshot=true, javascriptEnabled=true, cssSelectorsEnabled=true}]
Session ID: 2e021d2238313d1283340fccf56bd3aa
	at org.openqa.selenium.support.ui.WebDriverWait.timeoutException(WebDriverWait.java:80)
	at org.openqa.selenium.support.ui.FluentWait.until(FluentWait.java:261)
	at pageObjects.GroupsPage.goToGalleriesPage(GroupsPage.java:81)
	at MainIndependent.GalleriesTestURL(MainIndependent.java:222)
	at com.intellij.rt.execution.application.AppMain.main(AppMain.java:147)
Caused by: org.openqa.selenium.NoSuchElementException: no such element: Unable to locate element: {"method":"xpath","selector":"//a[@data-track='edit-relationship']"}
  (Session info: chrome=55.0.2883.87)
  (Driver info: chromedriver=2.25.426923 (0390b88869384d6eb0d5d09729679f934aab9eed),platform=Windows NT 10.0.14393 x86_64) (WARNING: The server did not provide any stacktrace information)
Command duration or timeout: 13 milliseconds
For documentation on this error, please visit: http://seleniumhq.org/exceptions/no_such_element.html
Build info: version: '2.53.1', revision: 'a36b8b1cd5757287168e54b817830adce9b0158d', time: '2016-06-30 19:26:09'
System info: host: 'EPBYBREW0280', ip: '10.26.13.195', os.name: 'Windows 10', os.arch: 'amd64', os.version: '10.0', java.version: '1.8.0_112'
Driver info: org.openqa.selenium.chrome.ChromeDriver
Capabilities [{applicationCacheEnabled=false, rotatable=false, mobileEmulationEnabled=false, networkConnectionEnabled=false, chrome={chromedriverVersion=2.25.426923 (0390b88869384d6eb0d5d09729679f934aab9eed), userDataDir=C:\Users\ULADZI~1\AppData\Local\Temp\scoped_dir12548_17664}, takesHeapSnapshot=true, pageLoadStrategy=normal, databaseEnabled=false, handlesAlerts=true, hasTouchScreen=false, version=55.0.2883.87, platform=XP, browserConnectionEnabled=false, nativeEvents=true, acceptSslCerts=true, locationContextEnabled=true, webStorageEnabled=true, browserName=chrome, takesScreenshot=true, javascriptEnabled=true, cssSelectorsEnabled=true}]
Session ID: 2e021d2238313d1283340fccf56bd3aa
*** Element info: {Using=xpath, value=//a[@data-track='edit-relationship']}
	at org.openqa.selenium.remote.ErrorHandler.createThrowable(ErrorHandler.java:206)
	at org.openqa.selenium.remote.ErrorHandler.throwIfResponseFailed(ErrorHandler.java:158)
	at org.openqa.selenium.remote.RemoteWebDriver.execute(RemoteWebDriver.java:678)
	at org.openqa.selenium.remote.RemoteWebDriver.findElement(RemoteWebDriver.java:363)
	at org.openqa.selenium.remote.RemoteWebDriver.findElementByXPath(RemoteWebDriver.java:500)
	at org.openqa.selenium.By$ByXPath.findElement(By.java:361)
	at org.openqa.selenium.remote.RemoteWebDriver.findElement(RemoteWebDriver.java:355)
	at org.openqa.selenium.support.ui.ExpectedConditions.findElement(ExpectedConditions.java:899)
	at org.openqa.selenium.support.ui.ExpectedConditions.access$000(ExpectedConditions.java:41)
	at org.openqa.selenium.support.ui.ExpectedConditions$7.apply(ExpectedConditions.java:205)
	at org.openqa.selenium.support.ui.ExpectedConditions$7.apply(ExpectedConditions.java:201)
	at org.openqa.selenium.support.ui.FluentWait.until(FluentWait.java:238)
	... 31 more
... Removed 31 stack frames]]>
    </failure>
  </testcase> <!-- GalleriesTestURL on [MainIndependent passed=0 failed=0 skipped=0] -->
  <testcase name="GroupsTestRecommendedGroups on [MainIndependent passed=0 failed=0 skipped=0]" time="3.524" classname="MainIndependent"/>
  <testcase name="GroupsTestURL on [MainIndependent passed=0 failed=0 skipped=0]" time="6.014" classname="MainIndependent"/>
  <testcase name="MainMenuItemsContTest on [MainIndependent passed=0 failed=0 skipped=0]" time="3.768" classname="MainIndependent"/>
  <testcase name="MainMenuItemsTest on [MainIndependent passed=0 failed=0 skipped=0]" time="3.978" classname="MainIndependent"/>
  <testcase name="MainPageTitleTest on [MainIndependent passed=0 failed=0 skipped=0]" time="3.413" classname="MainIndependent"/>
  <testcase name="NavigateToDetailsTest on [MainIndependent passed=0 failed=0 skipped=0]" time="5.405" classname="MainIndependent"/>
  <testcase name="SearchTestPhoto on [MainIndependent passed=0 failed=0 skipped=0]" time="6.989" classname="MainIndependent"/>
  <testcase name="SearchTestUrl on [MainIndependent passed=0 failed=0 skipped=0]" time="2.406" classname="MainIndependent"/>
  <testcase name="SubMenuItemsTest on [MainIndependent passed=0 failed=0 skipped=0]" time="5.694" classname="MainIndependent"/>
  <testcase name="YouLinkAndNameTest on [MainIndependent passed=0 failed=0 skipped=0]" time="5.213" classname="MainIndependent"/>
</testsuite>
