<html>
<head>
<title>TestNG:  flickr testing scenarios</title>
<link href="../testng.css" rel="stylesheet" type="text/css" />
<link href="../my-testng.css" rel="stylesheet" type="text/css" />

<style type="text/css">
.log { display: none;} 
.stack-trace { display: none;} 
</style>
<script type="text/javascript">
<!--
function flip(e) {
  current = e.style.display;
  if (current == 'block') {
    e.style.display = 'none';
    return 0;
  }
  else {
    e.style.display = 'block';
    return 1;
  }
}

function toggleBox(szDivId, elem, msg1, msg2)
{
  var res = -1;  if (document.getElementById) {
    res = flip(document.getElementById(szDivId));
  }
  else if (document.all) {
    // this is the way old msie versions work
    res = flip(document.all[szDivId]);
  }
  if(elem) {
    if(res == 0) elem.innerHTML = msg1; else elem.innerHTML = msg2;
  }

}

function toggleAllBoxes() {
  if (document.getElementsByTagName) {
    d = document.getElementsByTagName('div');
    for (i = 0; i < d.length; i++) {
      if (d[i].className == 'log') {
        flip(d[i]);
      }
    }
  }
}

// -->
</script>

</head>
<body>
<h2 align='center'>flickr testing scenarios</h2><table border='1' align="center">
<tr>
<td>Tests passed/Failed/Skipped:</td><td>21/2/0</td>
</tr><tr>
<td>Started on:</td><td>Fri Jan 27 12:37:25 MSK 2017</td>
</tr>
<tr><td>Total time:</td><td>179 seconds (179811 ms)</td>
</tr><tr>
<td>Included groups:</td><td></td>
</tr><tr>
<td>Excluded groups:</td><td></td>
</tr>
</table><p/>
<small><i>(Hover the method name to see the test class name)</i></small><p/>
<table width='100%' border='1' class='invocation-failed'>
<tr><td colspan='4' align='center'><b>FAILED TESTS</b></td></tr>
<tr><td><b>Test method</b></td>
<td width="30%"><b>Exception</b></td>
<td width="10%"><b>Time (seconds)</b></td>
<td><b>Instance</b></td>
</tr>
<tr>
<td title='MainIndependent.DetailsCameraTest()'><b>DetailsCameraTest</b><br>Test class: MainIndependent<br>Test method: #8.6 Page with photo details contains every all necessary items (Camera)<br/>
<a href="#Output-1404646191" onClick='toggleBox("Output-1404646191", this, "Show output", "Hide output");'>Show output</a>

<a href="#Output-1404646191" onClick="toggleAllBoxes();">Show all outputs</a>
<div class='log' id="Output-1404646191">
<a href='C:\Users\Uladzimir_Papeka\IdeaProjects\EPAM\epamPracticeTask-Flickr-\target\surefire-reports\failure_screenshots\DetailsCameraTest_27_01_2017_12_38_40.png'> <img src='C:\Users\Uladzimir_Papeka\IdeaProjects\EPAM\epamPracticeTask-Flickr-\target\surefire-reports\failure_screenshots\DetailsCameraTest_27_01_2017_12_38_40.png' height='100' width='100'/> </a><br/>
<a href='C:\Users\Uladzimir_Papeka\IdeaProjects\EPAM\epamPracticeTask-Flickr-\target\surefire-reports\failure_screenshots\DetailsCameraTest_27_01_2017_12_38_41.png'> <img src='C:\Users\Uladzimir_Papeka\IdeaProjects\EPAM\epamPracticeTask-Flickr-\target\surefire-reports\failure_screenshots\DetailsCameraTest_27_01_2017_12_38_41.png' height='100' width='100'/> </a><br/>
</div>
</td>
<td><div><pre>java.lang.AssertionError: expected [true] but found [false]
	at MainIndependent.DetailsCameraTest(MainIndependent.java:158)
	at java.util.concurrent.FutureTask.run(FutureTask.java:266)
	at java.util.concurrent.ThreadPoolExecutor.runWorker(ThreadPoolExecutor.java:1142)
	at java.util.concurrent.ThreadPoolExecutor$Worker.run(ThreadPoolExecutor.java:617)
	at java.lang.Thread.run(Thread.java:745)
... Removed 20 stack frames</pre></div><a href='#' onClick='toggleBox("stack-trace1404646191", this, "Click to show all stack frames", "Click to hide stack frames")'>Click to show all stack frames</a>
<div class='stack-trace' id='stack-trace1404646191'><pre>java.lang.AssertionError: expected [true] but found [false]
	at org.testng.Assert.fail(Assert.java:94)
	at org.testng.Assert.failNotEquals(Assert.java:513)
	at org.testng.Assert.assertTrue(Assert.java:42)
	at org.testng.Assert.assertTrue(Assert.java:52)
	at MainIndependent.DetailsCameraTest(MainIndependent.java:158)
	at sun.reflect.NativeMethodAccessorImpl.invoke0(Native Method)
	at sun.reflect.NativeMethodAccessorImpl.invoke(NativeMethodAccessorImpl.java:62)
	at sun.reflect.DelegatingMethodAccessorImpl.invoke(DelegatingMethodAccessorImpl.java:43)
	at java.lang.reflect.Method.invoke(Method.java:498)
	at org.testng.internal.MethodInvocationHelper.invokeMethod(MethodInvocationHelper.java:104)
	at org.testng.internal.Invoker.invokeMethod(Invoker.java:645)
	at org.testng.internal.Invoker.invokeTestMethod(Invoker.java:851)
	at org.testng.internal.Invoker.invokeTestMethods(Invoker.java:1177)
	at org.testng.internal.TestMethodWorker.invokeTestMethods(TestMethodWorker.java:129)
	at org.testng.internal.TestMethodWorker.run(TestMethodWorker.java:112)
	at org.testng.TestRunner.privateRun(TestRunner.java:756)
	at org.testng.TestRunner.run(TestRunner.java:610)
	at org.testng.SuiteRunner.runTest(SuiteRunner.java:387)
	at org.testng.SuiteRunner.access$000(SuiteRunner.java:39)
	at org.testng.SuiteRunner$SuiteWorker.run(SuiteRunner.java:421)
	at org.testng.internal.thread.ThreadUtil$2.call(ThreadUtil.java:64)
	at java.util.concurrent.FutureTask.run(FutureTask.java:266)
	at java.util.concurrent.ThreadPoolExecutor.runWorker(ThreadPoolExecutor.java:1142)
	at java.util.concurrent.ThreadPoolExecutor$Worker.run(ThreadPoolExecutor.java:617)
	at java.lang.Thread.run(Thread.java:745)
</pre></div></td>
<td>13</td>
<td>MainIndependent@3af9c5b7</td></tr>
<tr>
<td title='MainIndependent.ExploreLinkAndPhotoTest()'><b>ExploreLinkAndPhotoTest</b><br>Test class: MainIndependent<br>Test method: #6 [Explore]-link and checking photos with label '<photo_title> by <author>' <br/>
<a href="#Output-1708154105" onClick='toggleBox("Output-1708154105", this, "Show output", "Hide output");'>Show output</a>

<a href="#Output-1708154105" onClick="toggleAllBoxes();">Show all outputs</a>
<div class='log' id="Output-1708154105">
<a href='C:\Users\Uladzimir_Papeka\IdeaProjects\EPAM\epamPracticeTask-Flickr-\target\surefire-reports\failure_screenshots\ExploreLinkAndPhotoTest_27_01_2017_12_39_17.png'> <img src='C:\Users\Uladzimir_Papeka\IdeaProjects\EPAM\epamPracticeTask-Flickr-\target\surefire-reports\failure_screenshots\ExploreLinkAndPhotoTest_27_01_2017_12_39_17.png' height='100' width='100'/> </a><br/>
<a href='C:\Users\Uladzimir_Papeka\IdeaProjects\EPAM\epamPracticeTask-Flickr-\target\surefire-reports\failure_screenshots\ExploreLinkAndPhotoTest_27_01_2017_12_39_17.png'> <img src='C:\Users\Uladzimir_Papeka\IdeaProjects\EPAM\epamPracticeTask-Flickr-\target\surefire-reports\failure_screenshots\ExploreLinkAndPhotoTest_27_01_2017_12_39_17.png' height='100' width='100'/> </a><br/>
</div>
</td>
<td><div><pre>java.lang.AssertionError: Not each photo passes test expected [48] but found [16]
	at MainIndependent.ExploreLinkAndPhotoTest(MainIndependent.java:69)
	at java.util.concurrent.FutureTask.run(FutureTask.java:266)
	at java.util.concurrent.ThreadPoolExecutor.runWorker(ThreadPoolExecutor.java:1142)
	at java.util.concurrent.ThreadPoolExecutor$Worker.run(ThreadPoolExecutor.java:617)
	at java.lang.Thread.run(Thread.java:745)
... Removed 21 stack frames</pre></div><a href='#' onClick='toggleBox("stack-trace1708154105", this, "Click to show all stack frames", "Click to hide stack frames")'>Click to show all stack frames</a>
<div class='stack-trace' id='stack-trace1708154105'><pre>java.lang.AssertionError: Not each photo passes test expected [48] but found [16]
	at org.testng.Assert.fail(Assert.java:94)
	at org.testng.Assert.failNotEquals(Assert.java:513)
	at org.testng.Assert.assertEqualsImpl(Assert.java:135)
	at org.testng.Assert.assertEquals(Assert.java:116)
	at org.testng.Assert.assertEquals(Assert.java:389)
	at MainIndependent.ExploreLinkAndPhotoTest(MainIndependent.java:69)
	at sun.reflect.NativeMethodAccessorImpl.invoke0(Native Method)
	at sun.reflect.NativeMethodAccessorImpl.invoke(NativeMethodAccessorImpl.java:62)
	at sun.reflect.DelegatingMethodAccessorImpl.invoke(DelegatingMethodAccessorImpl.java:43)
	at java.lang.reflect.Method.invoke(Method.java:498)
	at org.testng.internal.MethodInvocationHelper.invokeMethod(MethodInvocationHelper.java:104)
	at org.testng.internal.Invoker.invokeMethod(Invoker.java:645)
	at org.testng.internal.Invoker.invokeTestMethod(Invoker.java:851)
	at org.testng.internal.Invoker.invokeTestMethods(Invoker.java:1177)
	at org.testng.internal.TestMethodWorker.invokeTestMethods(TestMethodWorker.java:129)
	at org.testng.internal.TestMethodWorker.run(TestMethodWorker.java:112)
	at org.testng.TestRunner.privateRun(TestRunner.java:756)
	at org.testng.TestRunner.run(TestRunner.java:610)
	at org.testng.SuiteRunner.runTest(SuiteRunner.java:387)
	at org.testng.SuiteRunner.access$000(SuiteRunner.java:39)
	at org.testng.SuiteRunner$SuiteWorker.run(SuiteRunner.java:421)
	at org.testng.internal.thread.ThreadUtil$2.call(ThreadUtil.java:64)
	at java.util.concurrent.FutureTask.run(FutureTask.java:266)
	at java.util.concurrent.ThreadPoolExecutor.runWorker(ThreadPoolExecutor.java:1142)
	at java.util.concurrent.ThreadPoolExecutor$Worker.run(ThreadPoolExecutor.java:617)
	at java.lang.Thread.run(Thread.java:745)
</pre></div></td>
<td>12</td>
<td>MainIndependent@3af9c5b7</td></tr>
</table><p>
<table width='100%' border='1' class='invocation-passed'>
<tr><td colspan='4' align='center'><b>PASSED TESTS</b></td></tr>
<tr><td><b>Test method</b></td>
<td width="30%"><b>Exception</b></td>
<td width="10%"><b>Time (seconds)</b></td>
<td><b>Instance</b></td>
</tr>
<tr>
<td title='MainIndependent.AlbumTest()'><b>AlbumTest</b><br>Test class: MainIndependent<br>Test method: #10 Every Album has a thumbnail, title, link and a number of photos and views </td>
<td></td>
<td>36</td>
<td>MainIndependent@3af9c5b7</td></tr>
<tr>
<td title='MainIndependent.AuthorsLinkTest()'><b>AuthorsLinkTest</b><br>Test class: MainIndependent<br>Test method: #9 Author’s name navigates to the page with author’s photostream</td>
<td></td>
<td>5</td>
<td>MainIndependent@3af9c5b7</td></tr>
<tr>
<td title='MainIndependent.DetailsAuthorTest()'><b>DetailsAuthorTest</b><br>Test class: MainIndependent<br>Test method: #8.1.2 Page with photo details contains every all necessary items (Author)</td>
<td></td>
<td>4</td>
<td>MainIndependent@3af9c5b7</td></tr>
<tr>
<td title='MainIndependent.DetailsDateTest()'><b>DetailsDateTest</b><br>Test class: MainIndependent<br>Test method: #8.4 Page with photo details contains every all necessary items (Date of photo)</td>
<td></td>
<td>3</td>
<td>MainIndependent@3af9c5b7</td></tr>
<tr>
<td title='MainIndependent.DetailsFollowTest()'><b>DetailsFollowTest</b><br>Test class: MainIndependent<br>Test method: #8.2 Page with photo details contains every all necessary items (Follow-button)</td>
<td></td>
<td>3</td>
<td>MainIndependent@3af9c5b7</td></tr>
<tr>
<td title='MainIndependent.DetailsNumbersTest()'><b>DetailsNumbersTest</b><br>Test class: MainIndependent<br>Test method: #8.3 Page with photo details contains every all necessary items (number of views, faves, comments)</td>
<td></td>
<td>3</td>
<td>MainIndependent@3af9c5b7</td></tr>
<tr>
<td title='MainIndependent.DetailsRightsTest()'><b>DetailsRightsTest</b><br>Test class: MainIndependent<br>Test method: #8.5 Page with photo details contains every all necessary items (Rights link)</td>
<td></td>
<td>3</td>
<td>MainIndependent@3af9c5b7</td></tr>
<tr>
<td title='MainIndependent.DetailsTagsTest()'><b>DetailsTagsTest</b><br>Test class: MainIndependent<br>Test method: #8.7 Page with photo details contains every all necessary items (Tags)</td>
<td></td>
<td>3</td>
<td>MainIndependent@3af9c5b7</td></tr>
<tr>
<td title='MainIndependent.DetailsTitleTest()'><b>DetailsTitleTest</b><br>Test class: MainIndependent<br>Test method: #8.1.1 Page with photo details contains every all necessary items (Title)</td>
<td></td>
<td>4</td>
<td>MainIndependent@3af9c5b7</td></tr>
<tr>
<td title='MainIndependent.GalleriesTestItems()'><b>GalleriesTestItems</b><br>Test class: MainIndependent<br>Test method: #12.2 Additional own testing scenarios ([Explore]->[Galleries]). Check gallery's items</td>
<td></td>
<td>2</td>
<td>MainIndependent@3af9c5b7</td></tr>
<tr>
<td title='MainIndependent.GalleriesTestURL()'><b>GalleriesTestURL</b><br>Test class: MainIndependent<br>Test method: #12.1 Additional own testing scenarios ([Explore]->[Galleries]). Check Url</td>
<td></td>
<td>2</td>
<td>MainIndependent@3af9c5b7</td></tr>
<tr>
<td title='MainIndependent.GroupsTestRecommendedGroups()'><b>GroupsTestRecommendedGroups</b><br>Test class: MainIndependent<br>Test method: #11.2 Additional own testing scenarios ([You]->[Groups]). Check recommended group</td>
<td></td>
<td>3</td>
<td>MainIndependent@3af9c5b7</td></tr>
<tr>
<td title='MainIndependent.GroupsTestURL()'><b>GroupsTestURL</b><br>Test class: MainIndependent<br>Test method: #11.1 Additional own testing scenarios ([You]->[Groups]). Check Url</td>
<td></td>
<td>6</td>
<td>MainIndependent@3af9c5b7</td></tr>
<tr>
<td title='MainIndependent.MainMenuItemsContTest()'><b>MainMenuItemsContTest</b><br>Test class: MainIndependent<br>Test method: #3.1 Main menu items count test</td>
<td></td>
<td>3</td>
<td>MainIndependent@3af9c5b7</td></tr>
<tr>
<td title='MainIndependent.MainMenuItemsTest()'><b>MainMenuItemsTest</b><br>Test class: MainIndependent<br>Test method: #3.2 Main menu items test</td>
<td></td>
<td>3</td>
<td>MainIndependent@3af9c5b7</td></tr>
<tr>
<td title='MainIndependent.MainPageTitleTest()'><b>MainPageTitleTest</b><br>Test class: MainIndependent<br>Test method: #2 Main page's title test</td>
<td></td>
<td>2</td>
<td>MainIndependent@3af9c5b7</td></tr>
<tr>
<td title='MainIndependent.NavigateToDetailsTest()'><b>NavigateToDetailsTest</b><br>Test class: MainIndependent<br>Test method: #7 Photo and its title navigate to the same page with other picture details</td>
<td></td>
<td>4</td>
<td>MainIndependent@3af9c5b7</td></tr>
<tr>
<td title='MainIndependent.SearchTestPhoto()'><b>SearchTestPhoto</b><br>Test class: MainIndependent<br>Test method: #13.2 Additional own testing scenarios (Search functionality). Search Photo</td>
<td></td>
<td>26</td>
<td>MainIndependent@3af9c5b7</td></tr>
<tr>
<td title='MainIndependent.SearchTestUrl()'><b>SearchTestUrl</b><br>Test class: MainIndependent<br>Test method: #13.1 Additional own testing scenarios (Search functionality). Search Url</td>
<td></td>
<td>2</td>
<td>MainIndependent@3af9c5b7</td></tr>
<tr>
<td title='MainIndependent.SubMenuItemsTest()'><b>SubMenuItemsTest</b><br>Test class: MainIndependent<br>Test method: #4 Sub-menu items contain items</td>
<td></td>
<td>4</td>
<td>MainIndependent@3af9c5b7</td></tr>
<tr>
<td title='MainIndependent.YouLinkAndNameTest()'><b>YouLinkAndNameTest</b><br>Test class: MainIndependent<br>Test method: #5 [You]-link and checking username</td>
<td></td>
<td>4</td>
<td>MainIndependent@3af9c5b7</td></tr>
</table><p>
</body>
</html>