<?xml version="1.0" encoding="UTF-8"?>
<!-- Generated by org.testng.reporters.JUnitXMLReporter -->
<testsuite hostname="EPBYBREW0280" ignored="0" tests="23" failures="2" timestamp="27 Jan 2017 09:40:25 GMT" time="179.811" errors="0">
  <testcase name="AlbumTest" time="36.222" classname="MainIndependent"/>
  <testcase name="AuthorsLinkTest" time="5.645" classname="MainIndependent"/>
  <testcase name="DetailsAuthorTest" time="4.239" classname="MainIndependent"/>
  <testcase name="DetailsCameraTest" time="13.938" classname="MainIndependent">
    <failure type="java.lang.AssertionError" message="expected [true] but found [false]">
      <![CDATA[java.lang.AssertionError: expected [true] but found [false]
	at MainIndependent.DetailsCameraTest(MainIndependent.java:158)
	at java.util.concurrent.FutureTask.run(FutureTask.java:266)
	at java.util.concurrent.ThreadPoolExecutor.runWorker(ThreadPoolExecutor.java:1142)
	at java.util.concurrent.ThreadPoolExecutor$Worker.run(ThreadPoolExecutor.java:617)
	at java.lang.Thread.run(Thread.java:745)
... Removed 20 stack frames]]>
    </failure>
  </testcase> <!-- DetailsCameraTest -->
  <testcase name="DetailsDateTest" time="3.704" classname="MainIndependent"/>
  <testcase name="DetailsFollowTest" time="3.914" classname="MainIndependent"/>
  <testcase name="DetailsNumbersTest" time="3.549" classname="MainIndependent"/>
  <testcase name="DetailsRightsTest" time="3.58" classname="MainIndependent"/>
  <testcase name="DetailsTagsTest" time="3.358" classname="MainIndependent"/>
  <testcase name="DetailsTitleTest" time="4.339" classname="MainIndependent"/>
  <testcase name="ExploreLinkAndPhotoTest" time="12.354" classname="MainIndependent">
    <failure type="java.lang.AssertionError" message="Not each photo passes test expected [48] but found [16]">
      <![CDATA[java.lang.AssertionError: Not each photo passes test expected [48] but found [16]
	at MainIndependent.ExploreLinkAndPhotoTest(MainIndependent.java:69)
	at java.util.concurrent.FutureTask.run(FutureTask.java:266)
	at java.util.concurrent.ThreadPoolExecutor.runWorker(ThreadPoolExecutor.java:1142)
	at java.util.concurrent.ThreadPoolExecutor$Worker.run(ThreadPoolExecutor.java:617)
	at java.lang.Thread.run(Thread.java:745)
... Removed 21 stack frames]]>
    </failure>
  </testcase> <!-- ExploreLinkAndPhotoTest -->
  <testcase name="GalleriesTestItems" time="2.893" classname="MainIndependent"/>
  <testcase name="GalleriesTestURL" time="2.856" classname="MainIndependent"/>
  <testcase name="GroupsTestRecommendedGroups" time="3.336" classname="MainIndependent"/>
  <testcase name="GroupsTestURL" time="6.618" classname="MainIndependent"/>
  <testcase name="MainMenuItemsContTest" time="3.638" classname="MainIndependent"/>
  <testcase name="MainMenuItemsTest" time="3.321" classname="MainIndependent"/>
  <testcase name="MainPageTitleTest" time="2.237" classname="MainIndependent"/>
  <testcase name="NavigateToDetailsTest" time="4.772" classname="MainIndependent"/>
  <testcase name="SearchTestPhoto" time="26.165" classname="MainIndependent"/>
  <testcase name="SearchTestUrl" time="2.332" classname="MainIndependent"/>
  <testcase name="SubMenuItemsTest" time="4.435" classname="MainIndependent"/>
  <testcase name="YouLinkAndNameTest" time="4.752" classname="MainIndependent"/>
</testsuite>
