<?xml version="1.0" encoding="UTF-8"?>
<!-- Generated by org.testng.reporters.JUnitReportReporter -->
<testsuite name="MainIndependent" tests="46" time="320.633" ignored="0" failures="4" timestamp="27 Jan 2017 12:11:50 GMT" skipped="0" hostname="EPBYBREW0280" errors="0">
  <testcase name="GroupsTestURL" time="6.060" classname="MainIndependent"/>
  <testcase name="GroupsTestRecommendedGroups" time="3.596" classname="MainIndependent"/>
  <testcase name="GroupsTestURL" time="6.159" classname="MainIndependent"/>
  <testcase name="DetailsTagsTest" time="4.103" classname="MainIndependent"/>
  <testcase name="SearchTestUrl" time="3.430" classname="MainIndependent"/>
  <testcase name="DetailsNumbersTest" time="4.763" classname="MainIndependent"/>
  <testcase name="DetailsDateTest" time="4.007" classname="MainIndependent"/>
  <testcase name="GalleriesTestItems" time="2.824" classname="MainIndependent"/>
  <testcase name="SubMenuItemsTest" time="5.730" classname="MainIndependent"/>
  <testcase name="DetailsCameraTest" time="14.258" classname="MainIndependent">
    <failure type="java.lang.AssertionError" message="expected [true] but found [false]">
      <![CDATA[java.lang.AssertionError: expected [true] but found [false]
	at org.testng.Assert.fail(Assert.java:94)
	at org.testng.Assert.failNotEquals(Assert.java:513)
	at org.testng.Assert.assertTrue(Assert.java:42)
	at org.testng.Assert.assertTrue(Assert.java:52)
	at MainIndependent.DetailsCameraTest(MainIndependent.java:158)
	at sun.reflect.NativeMethodAccessorImpl.invoke0(Native Method)
	at sun.reflect.NativeMethodAccessorImpl.invoke(NativeMethodAccessorImpl.java:62)
	at sun.reflect.DelegatingMethodAccessorImpl.invoke(DelegatingMethodAccessorImpl.java:43)
	at java.lang.reflect.Method.invoke(Method.java:498)
	at org.testng.internal.MethodInvocationHelper.invokeMethod(MethodInvocationHelper.java:104)
	at org.testng.internal.Invoker.invokeMethod(Invoker.java:645)
	at org.testng.internal.Invoker.invokeTestMethod(Invoker.java:851)
	at org.testng.internal.Invoker.invokeTestMethods(Invoker.java:1177)
	at org.testng.internal.TestMethodWorker.invokeTestMethods(TestMethodWorker.java:129)
	at org.testng.internal.TestMethodWorker.run(TestMethodWorker.java:112)
	at org.testng.TestRunner.privateRun(TestRunner.java:756)
	at org.testng.TestRunner.run(TestRunner.java:610)
	at org.testng.SuiteRunner.runTest(SuiteRunner.java:387)
	at org.testng.SuiteRunner.access$000(SuiteRunner.java:39)
	at org.testng.SuiteRunner$SuiteWorker.run(SuiteRunner.java:421)
	at org.testng.internal.thread.ThreadUtil$2.call(ThreadUtil.java:64)
	at java.util.concurrent.FutureTask.run(FutureTask.java:266)
	at java.util.concurrent.ThreadPoolExecutor.runWorker(ThreadPoolExecutor.java:1142)
	at java.util.concurrent.ThreadPoolExecutor$Worker.run(ThreadPoolExecutor.java:617)
	at java.lang.Thread.run(Thread.java:745)
]]>
    </failure>
  </testcase> <!-- DetailsCameraTest -->
  <testcase name="DetailsAuthorTest" time="4.470" classname="MainIndependent"/>
  <testcase name="DetailsTitleTest" time="3.754" classname="MainIndependent"/>
  <testcase name="AuthorsLinkTest" time="6.553" classname="MainIndependent"/>
  <testcase name="MainPageTitleTest" time="2.808" classname="MainIndependent"/>
  <testcase name="NavigateToDetailsTest" time="5.533" classname="MainIndependent"/>
  <testcase name="MainMenuItemsContTest" time="6.287" classname="MainIndependent"/>
  <testcase name="DetailsRightsTest" time="4.378" classname="MainIndependent"/>
  <testcase name="ExploreLinkAndPhotoTest" time="15.919" classname="MainIndependent">
    <failure type="java.lang.AssertionError" message="Not each photo passes test expected [49] but found [16]">
      <![CDATA[java.lang.AssertionError: Not each photo passes test expected [49] but found [16]
	at org.testng.Assert.fail(Assert.java:94)
	at org.testng.Assert.failNotEquals(Assert.java:513)
	at org.testng.Assert.assertEqualsImpl(Assert.java:135)
	at org.testng.Assert.assertEquals(Assert.java:116)
	at org.testng.Assert.assertEquals(Assert.java:389)
	at MainIndependent.ExploreLinkAndPhotoTest(MainIndependent.java:69)
	at sun.reflect.NativeMethodAccessorImpl.invoke0(Native Method)
	at sun.reflect.NativeMethodAccessorImpl.invoke(NativeMethodAccessorImpl.java:62)
	at sun.reflect.DelegatingMethodAccessorImpl.invoke(DelegatingMethodAccessorImpl.java:43)
	at java.lang.reflect.Method.invoke(Method.java:498)
	at org.testng.internal.MethodInvocationHelper.invokeMethod(MethodInvocationHelper.java:104)
	at org.testng.internal.Invoker.invokeMethod(Invoker.java:645)
	at org.testng.internal.Invoker.invokeTestMethod(Invoker.java:851)
	at org.testng.internal.Invoker.invokeTestMethods(Invoker.java:1177)
	at org.testng.internal.TestMethodWorker.invokeTestMethods(TestMethodWorker.java:129)
	at org.testng.internal.TestMethodWorker.run(TestMethodWorker.java:112)
	at org.testng.TestRunner.privateRun(TestRunner.java:756)
	at org.testng.TestRunner.run(TestRunner.java:610)
	at org.testng.SuiteRunner.runTest(SuiteRunner.java:387)
	at org.testng.SuiteRunner.access$000(SuiteRunner.java:39)
	at org.testng.SuiteRunner$SuiteWorker.run(SuiteRunner.java:421)
	at org.testng.internal.thread.ThreadUtil$2.call(ThreadUtil.java:64)
	at java.util.concurrent.FutureTask.run(FutureTask.java:266)
	at java.util.concurrent.ThreadPoolExecutor.runWorker(ThreadPoolExecutor.java:1142)
	at java.util.concurrent.ThreadPoolExecutor$Worker.run(ThreadPoolExecutor.java:617)
	at java.lang.Thread.run(Thread.java:745)
]]>
    </failure>
  </testcase> <!-- ExploreLinkAndPhotoTest -->
  <testcase name="NavigateToDetailsTest" time="5.405" classname="MainIndependent"/>
  <testcase name="DetailsFollowTest" time="4.219" classname="MainIndependent"/>
  <testcase name="YouLinkAndNameTest" time="3.870" classname="MainIndependent"/>
  <testcase name="GalleriesTestURL" time="3.109" classname="MainIndependent"/>
  <testcase name="AlbumTest" time="30.546" classname="MainIndependent"/>
  <testcase name="ExploreLinkAndPhotoTest" time="15.902" classname="MainIndependent">
    <failure type="java.lang.AssertionError" message="Not each photo passes test expected [49] but found [16]">
      <![CDATA[java.lang.AssertionError: Not each photo passes test expected [49] but found [16]
	at org.testng.Assert.fail(Assert.java:94)
	at org.testng.Assert.failNotEquals(Assert.java:513)
	at org.testng.Assert.assertEqualsImpl(Assert.java:135)
	at org.testng.Assert.assertEquals(Assert.java:116)
	at org.testng.Assert.assertEquals(Assert.java:389)
	at MainIndependent.ExploreLinkAndPhotoTest(MainIndependent.java:69)
	at sun.reflect.NativeMethodAccessorImpl.invoke0(Native Method)
	at sun.reflect.NativeMethodAccessorImpl.invoke(NativeMethodAccessorImpl.java:62)
	at sun.reflect.DelegatingMethodAccessorImpl.invoke(DelegatingMethodAccessorImpl.java:43)
	at java.lang.reflect.Method.invoke(Method.java:498)
	at org.testng.internal.MethodInvocationHelper.invokeMethod(MethodInvocationHelper.java:104)
	at org.testng.internal.Invoker.invokeMethod(Invoker.java:645)
	at org.testng.internal.Invoker.invokeTestMethod(Invoker.java:851)
	at org.testng.internal.Invoker.invokeTestMethods(Invoker.java:1177)
	at org.testng.internal.TestMethodWorker.invokeTestMethods(TestMethodWorker.java:129)
	at org.testng.internal.TestMethodWorker.run(TestMethodWorker.java:112)
	at org.testng.TestRunner.privateRun(TestRunner.java:756)
	at org.testng.TestRunner.run(TestRunner.java:610)
	at org.testng.SuiteRunner.runTest(SuiteRunner.java:387)
	at org.testng.SuiteRunner.access$000(SuiteRunner.java:39)
	at org.testng.SuiteRunner$SuiteWorker.run(SuiteRunner.java:421)
	at org.testng.internal.thread.ThreadUtil$2.call(ThreadUtil.java:64)
	at java.util.concurrent.FutureTask.run(FutureTask.java:266)
	at java.util.concurrent.ThreadPoolExecutor.runWorker(ThreadPoolExecutor.java:1142)
	at java.util.concurrent.ThreadPoolExecutor$Worker.run(ThreadPoolExecutor.java:617)
	at java.lang.Thread.run(Thread.java:745)
]]>
    </failure>
  </testcase> <!-- ExploreLinkAndPhotoTest -->
  <testcase name="DetailsTagsTest" time="4.007" classname="MainIndependent"/>
  <testcase name="GroupsTestRecommendedGroups" time="4.308" classname="MainIndependent"/>
  <testcase name="SubMenuItemsTest" time="4.306" classname="MainIndependent"/>
  <testcase name="DetailsNumbersTest" time="4.422" classname="MainIndependent"/>
  <testcase name="DetailsCameraTest" time="14.231" classname="MainIndependent">
    <failure type="java.lang.AssertionError" message="expected [true] but found [false]">
      <![CDATA[java.lang.AssertionError: expected [true] but found [false]
	at org.testng.Assert.fail(Assert.java:94)
	at org.testng.Assert.failNotEquals(Assert.java:513)
	at org.testng.Assert.assertTrue(Assert.java:42)
	at org.testng.Assert.assertTrue(Assert.java:52)
	at MainIndependent.DetailsCameraTest(MainIndependent.java:158)
	at sun.reflect.NativeMethodAccessorImpl.invoke0(Native Method)
	at sun.reflect.NativeMethodAccessorImpl.invoke(NativeMethodAccessorImpl.java:62)
	at sun.reflect.DelegatingMethodAccessorImpl.invoke(DelegatingMethodAccessorImpl.java:43)
	at java.lang.reflect.Method.invoke(Method.java:498)
	at org.testng.internal.MethodInvocationHelper.invokeMethod(MethodInvocationHelper.java:104)
	at org.testng.internal.Invoker.invokeMethod(Invoker.java:645)
	at org.testng.internal.Invoker.invokeTestMethod(Invoker.java:851)
	at org.testng.internal.Invoker.invokeTestMethods(Invoker.java:1177)
	at org.testng.internal.TestMethodWorker.invokeTestMethods(TestMethodWorker.java:129)
	at org.testng.internal.TestMethodWorker.run(TestMethodWorker.java:112)
	at org.testng.TestRunner.privateRun(TestRunner.java:756)
	at org.testng.TestRunner.run(TestRunner.java:610)
	at org.testng.SuiteRunner.runTest(SuiteRunner.java:387)
	at org.testng.SuiteRunner.access$000(SuiteRunner.java:39)
	at org.testng.SuiteRunner$SuiteWorker.run(SuiteRunner.java:421)
	at org.testng.internal.thread.ThreadUtil$2.call(ThreadUtil.java:64)
	at java.util.concurrent.FutureTask.run(FutureTask.java:266)
	at java.util.concurrent.ThreadPoolExecutor.runWorker(ThreadPoolExecutor.java:1142)
	at java.util.concurrent.ThreadPoolExecutor$Worker.run(ThreadPoolExecutor.java:617)
	at java.lang.Thread.run(Thread.java:745)
]]>
    </failure>
  </testcase> <!-- DetailsCameraTest -->
  <testcase name="SearchTestPhoto" time="7.548" classname="MainIndependent"/>
  <testcase name="GalleriesTestURL" time="3.320" classname="MainIndependent"/>
  <testcase name="AuthorsLinkTest" time="6.293" classname="MainIndependent"/>
  <testcase name="MainMenuItemsTest" time="4.170" classname="MainIndependent"/>
  <testcase name="DetailsAuthorTest" time="4.306" classname="MainIndependent"/>
  <testcase name="MainPageTitleTest" time="3.961" classname="MainIndependent"/>
  <testcase name="DetailsDateTest" time="4.146" classname="MainIndependent"/>
  <testcase name="DetailsTitleTest" time="8.280" classname="MainIndependent"/>
  <testcase name="GalleriesTestItems" time="2.413" classname="MainIndependent"/>
  <testcase name="DetailsFollowTest" time="4.275" classname="MainIndependent"/>
  <testcase name="MainMenuItemsTest" time="4.273" classname="MainIndependent"/>
  <testcase name="DetailsRightsTest" time="3.981" classname="MainIndependent"/>
  <testcase name="SearchTestPhoto" time="8.015" classname="MainIndependent"/>
  <testcase name="SearchTestUrl" time="3.054" classname="MainIndependent"/>
  <testcase name="MainMenuItemsContTest" time="3.951" classname="MainIndependent"/>
  <testcase name="AlbumTest" time="29.433" classname="MainIndependent"/>
  <testcase name="YouLinkAndNameTest" time="20.257" classname="MainIndependent"/>
</testsuite> <!-- MainIndependent -->
